<?xml version="1.0" encoding="UTF-8"?>
<testng-results skipped="0" failed="0" total="4" passed="4">
  <reporter-output>
  </reporter-output>
  <suite name="Suite1" duration-ms="12771" started-at="2016-11-30T16:01:59Z" finished-at="2016-11-30T16:02:12Z">
    <groups>
    </groups>
    <test name="Regression Test Suite" duration-ms="12771" started-at="2016-11-30T16:01:59Z" finished-at="2016-11-30T16:02:12Z">
      <class name="packTwo.Demo2">
        <test-method status="PASS" signature="firstTestCase()[pri:0, instance:packTwo.Demo2@47ef968d]" name="firstTestCase" duration-ms="8" started-at="2016-11-30T21:32:12Z" finished-at="2016-11-30T21:32:12Z">
          <reporter-output>
          </reporter-output>
        </test-method> <!-- firstTestCase -->
        <test-method status="PASS" signature="secondTestCase()[pri:0, instance:packTwo.Demo2@47ef968d]" name="secondTestCase" duration-ms="0" started-at="2016-11-30T21:32:12Z" finished-at="2016-11-30T21:32:12Z">
          <reporter-output>
          </reporter-output>
        </test-method> <!-- secondTestCase -->
      </class> <!-- packTwo.Demo2 -->
      <class name="packOne.Demo1">
        <test-method status="PASS" signature="firstTestCase()[pri:0, instance:packOne.Demo1@5b87ed94]" name="firstTestCase" duration-ms="12745" started-at="2016-11-30T21:31:59Z" finished-at="2016-11-30T21:32:12Z">
          <reporter-output>
          </reporter-output>
        </test-method> <!-- firstTestCase -->
        <test-method status="PASS" signature="secondTestCase()[pri:0, instance:packOne.Demo1@5b87ed94]" name="secondTestCase" duration-ms="2" started-at="2016-11-30T21:32:12Z" finished-at="2016-11-30T21:32:12Z">
          <reporter-output>
          </reporter-output>
        </test-method> <!-- secondTestCase -->
      </class> <!-- packOne.Demo1 -->
    </test> <!-- Regression Test Suite -->
  </suite> <!-- Suite1 -->
</testng-results>
