<?xml version="1.0" encoding="UTF-8"?>
<!-- Generated by org.testng.reporters.JUnitXMLReporter -->
<testsuite hostname="SUPAL-T440S" name="Regression Test Suite" tests="4" failures="1" timestamp="31 Mar 2017 15:55:50 GMT" time="12.196" errors="0">
  <testcase name="firstTestCase" time="12.171" classname="packOne.Demo1"/>
  <testcase name="secondTestCase" time="0.0" classname="packOne.Demo1"/>
  <testcase name="firstTestCase" time="0.0" classname="packTwo.Demo2">
    <failure type="java.lang.ArithmeticException" message="/ by zero">
      <![CDATA[java.lang.ArithmeticException: / by zero
	at packTwo.Demo2.firstTestCase(Demo2.java:10)
... Removed 27 stack frames]]>
    </failure>
  </testcase> <!-- firstTestCase -->
  <testcase name="secondTestCase" time="0.0" classname="packTwo.Demo2"/>
</testsuite> <!-- Regression Test Suite -->
