<?xml version="1.0" encoding="UTF-8"?>
<testng-results skipped="0" failed="0" total="1" passed="1">
  <reporter-output>
  </reporter-output>
  <suite name="Suite1" duration-ms="23" started-at="2017-04-01T03:51:24Z" finished-at="2017-04-01T03:51:24Z">
    <groups>
    </groups>
    <test name="Test 1" duration-ms="23" started-at="2017-04-01T03:51:24Z" finished-at="2017-04-01T03:51:24Z">
      <class name="com.testNGRelated.TestNG">
        <test-method status="PASS" signature="test()[pri:0, instance:com.testNGRelated.TestNG@75bd9247]" name="test" duration-ms="11" started-at="2017-04-01T09:21:24Z" finished-at="2017-04-01T09:21:24Z">
          <reporter-output>
          </reporter-output>
        </test-method> <!-- test -->
      </class> <!-- com.testNGRelated.TestNG -->
    </test> <!-- Test 1 -->
  </suite> <!-- Suite1 -->
</testng-results>
