<?xml version="1.0" encoding="UTF-8"?>
<!-- Generated by org.testng.reporters.JUnitXMLReporter -->
<testsuite hostname="SUPAL-T440S" name="Regression Test Suite" tests="4" failures="0" timestamp="30 Nov 2016 16:02:12 GMT" time="12.771" errors="0">
  <testcase name="firstTestCase" time="12.745" classname="packOne.Demo1"/>
  <testcase name="secondTestCase" time="0.002" classname="packOne.Demo1"/>
  <testcase name="firstTestCase" time="0.008" classname="packTwo.Demo2"/>
  <testcase name="secondTestCase" time="0.0" classname="packTwo.Demo2"/>
</testsuite> <!-- Regression Test Suite -->
